{"timestamp":"2026-04-02T07:35:20.917",
 "level":"INFO",
 "service":"account-service",
 "thread":"main",
 "traceId":"",
 "spanId":"",
 "correlationId":"",
 "jobId":"",
 "logger":"s.a.AccountServiceApplication",
 "message":"Starting AccountServiceApplication using Java 25.0.1 with PID 25972 (D:\module project\base\account-service\target\classes started by 01957 in D:\module project\base)",
 "exception":""}

{"timestamp":"2026-04-02T07:35:20.945",
 "level":"DEBUG",
 "service":"account-service",
 "thread":"main",
 "traceId":"",
 "spanId":"",
 "correlationId":"",
 "jobId":"",
 "logger":"s.a.AccountServiceApplication",
 "message":"Running with Spring Boot v4.0.0, Spring v7.0.1",
 "exception":""}

{"timestamp":"2026-04-02T07:35:20.953",
 "level":"INFO",
 "service":"account-service",
 "thread":"main",
 "traceId":"",
 "spanId":"",
 "correlationId":"",
 "jobId":"",
 "logger":"s.a.AccountServiceApplication",
 "message":"No active profile set, falling back to 1 default profile: "default"",
 "exception":""}

{"timestamp":"2026-04-02T07:35:26.066",
 "level":"INFO",
 "service":"account-service",
 "thread":"main",
 "traceId":"",
 "spanId":"",
 "correlationId":"",
 "jobId":"",
 "logger":"o.s.d.r.c.RepositoryConfigurationDelegate",
 "message":"Bootstrapping Spring Data JPA repositories in DEFAULT mode.",
 "exception":""}

{"timestamp":"2026-04-02T07:35:26.465",
 "level":"INFO",
 "service":"account-service",
 "thread":"main",
 "traceId":"",
 "spanId":"",
 "correlationId":"",
 "jobId":"",
 "logger":"o.s.d.r.c.RepositoryConfigurationDelegate",
 "message":"Finished Spring Data repository scanning in 338 ms. Found 1 JPA repository interface.",
 "exception":""}

{"timestamp":"2026-04-02T07:35:29.244",
 "level":"INFO",
 "service":"account-service",
 "thread":"main",
 "traceId":"",
 "spanId":"",
 "correlationId":"",
 "jobId":"",
 "logger":"o.s.boot.tomcat.TomcatWebServer",
 "message":"Tomcat initialized with port 8095 (http)",
 "exception":""}

{"timestamp":"2026-04-02T07:35:29.310",
 "level":"INFO",
 "service":"account-service",
 "thread":"main",
 "traceId":"",
 "spanId":"",
 "correlationId":"",
 "jobId":"",
 "logger":"o.a.catalina.core.StandardService",
 "message":"Starting service [Tomcat]",
 "exception":""}

{"timestamp":"2026-04-02T07:35:29.311",
 "level":"INFO",
 "service":"account-service",
 "thread":"main",
 "traceId":"",
 "spanId":"",
 "correlationId":"",
 "jobId":"",
 "logger":"o.a.catalina.core.StandardEngine",
 "message":"Starting Servlet engine: [Apache Tomcat/11.0.14]",
 "exception":""}

{"timestamp":"2026-04-02T07:35:29.614",
 "level":"INFO",
 "service":"account-service",
 "thread":"main",
 "traceId":"",
 "spanId":"",
 "correlationId":"",
 "jobId":"",
 "logger":"o.s.b.w.c.s.WebApplicationContextInitializer",
 "message":"Root WebApplicationContext: initialization completed in 8377 ms",
 "exception":""}

{"timestamp":"2026-04-02T07:35:32.064",
 "level":"INFO",
 "service":"account-service",
 "thread":"main",
 "traceId":"",
 "spanId":"",
 "correlationId":"",
 "jobId":"",
 "logger":"o.h.jpa.internal.util.LogHelper",
 "message":"HHH000204: Processing PersistenceUnitInfo [name: default]",
 "exception":""}

{"timestamp":"2026-04-02T07:35:32.443",
 "level":"INFO",
 "service":"account-service",
 "thread":"main",
 "traceId":"",
 "spanId":"",
 "correlationId":"",
 "jobId":"",
 "logger":"org.hibernate.Version",
 "message":"HHH000412: Hibernate ORM core version 7.1.8.Final",
 "exception":""}

{"timestamp":"2026-04-02T07:35:35.829",
 "level":"INFO",
 "service":"account-service",
 "thread":"main",
 "traceId":"",
 "spanId":"",
 "correlationId":"",
 "jobId":"",
 "logger":"o.s.o.j.p.SpringPersistenceUnitInfo",
 "message":"No LoadTimeWeaver setup: ignoring JPA class transformer",
 "exception":""}

{"timestamp":"2026-04-02T07:35:36.045",
 "level":"INFO",
 "service":"account-service",
 "thread":"main",
 "traceId":"",
 "spanId":"",
 "correlationId":"",
 "jobId":"",
 "logger":"com.zaxxer.hikari.HikariDataSource",
 "message":"HikariPool-1 - Starting...",
 "exception":""}

{"timestamp":"2026-04-02T07:35:37.359",
 "level":"INFO",
 "service":"account-service",
 "thread":"main",
 "traceId":"",
 "spanId":"",
 "correlationId":"",
 "jobId":"",
 "logger":"com.zaxxer.hikari.pool.HikariPool",
 "message":"HikariPool-1 - Added connection conn0: url=jdbc:h2:mem:accountdb user=SA",
 "exception":""}

{"timestamp":"2026-04-02T07:35:37.369",
 "level":"INFO",
 "service":"account-service",
 "thread":"main",
 "traceId":"",
 "spanId":"",
 "correlationId":"",
 "jobId":"",
 "logger":"com.zaxxer.hikari.HikariDataSource",
 "message":"HikariPool-1 - Start completed.",
 "exception":""}

{"timestamp":"2026-04-02T07:35:37.557",
 "level":"WARN",
 "service":"account-service",
 "thread":"main",
 "traceId":"",
 "spanId":"",
 "correlationId":"",
 "jobId":"",
 "logger":"org.hibernate.orm.deprecation",
 "message":"HHH90000025: H2Dialect does not need to be specified explicitly using 'hibernate.dialect' (remove the property setting and it will be selected by default)",
 "exception":""}

{"timestamp":"2026-04-02T07:35:37.821",
 "level":"INFO",
 "service":"account-service",
 "thread":"main",
 "traceId":"",
 "spanId":"",
 "correlationId":"",
 "jobId":"",
 "logger":"o.hibernate.orm.connections.pooling",
 "message":"HHH10001005: Database info:
	Database JDBC URL [jdbc:h2:mem:accountdb]
	Database driver: H2 JDBC Driver
	Database dialect: H2Dialect
	Database version: 2.4.240
	Default catalog/schema: ACCOUNTDB/PUBLIC
	Autocommit mode: undefined/unknown
	Isolation level: READ_COMMITTED [default READ_COMMITTED]
	JDBC fetch size: 100
	Pool: DatasourceConnectionProviderImpl
	Minimum pool size: undefined/unknown
	Maximum pool size: undefined/unknown",
 "exception":""}

{"timestamp":"2026-04-02T07:35:46.092",
 "level":"INFO",
 "service":"account-service",
 "thread":"main",
 "traceId":"",
 "spanId":"",
 "correlationId":"",
 "jobId":"",
 "logger":"o.h.e.t.j.p.i.JtaPlatformInitiator",
 "message":"HHH000489: No JTA platform available (set 'hibernate.transaction.jta.platform' to enable JTA platform integration)",
 "exception":""}

{"timestamp":"2026-04-02T07:35:46.669",
 "level":"INFO",
 "service":"account-service",
 "thread":"main",
 "traceId":"",
 "spanId":"",
 "correlationId":"",
 "jobId":"",
 "logger":"o.s.o.j.LocalContainerEntityManagerFactoryBean",
 "message":"Initialized JPA EntityManagerFactory for persistence unit 'default'",
 "exception":""}

{"timestamp":"2026-04-02T07:35:47.070",
 "level":"INFO",
 "service":"account-service",
 "thread":"main",
 "traceId":"",
 "spanId":"",
 "correlationId":"",
 "jobId":"",
 "logger":"s.c.exception.GlobalExceptionHandler",
 "message":"GlobalExceptionHandler initialized with: NoOpExternalLogService",
 "exception":""}

{"timestamp":"2026-04-02T07:35:47.306",
 "level":"WARN",
 "service":"account-service",
 "thread":"main",
 "traceId":"",
 "spanId":"",
 "correlationId":"",
 "jobId":"",
 "logger":"o.s.b.j.a.JpaBaseConfiguration$JpaWebConfiguration",
 "message":"spring.jpa.open-in-view is enabled by default. Therefore, database queries may be performed during view rendering. Explicitly configure spring.jpa.open-in-view to disable this warning",
 "exception":""}

{"timestamp":"2026-04-02T07:35:49.111",
 "level":"INFO",
 "service":"account-service",
 "thread":"main",
 "traceId":"",
 "spanId":"",
 "correlationId":"",
 "jobId":"",
 "logger":"n.d.b.g.s.a.GrpcServerFactoryAutoConfiguration",
 "message":"Detected grpc-netty-shaded: Creating ShadedNettyGrpcServerFactory",
 "exception":""}

{"timestamp":"2026-04-02T07:35:50.623",
 "level":"INFO",
 "service":"account-service",
 "thread":"main",
 "traceId":"",
 "spanId":"",
 "correlationId":"",
 "jobId":"",
 "logger":"o.s.d.j.r.q.QueryEnhancerFactories",
 "message":"Hibernate is in classpath; If applicable, HQL parser will be used.",
 "exception":""}

{"timestamp":"2026-04-02T07:35:52.093",
 "level":"INFO",
 "service":"account-service",
 "thread":"main",
 "traceId":"",
 "spanId":"",
 "correlationId":"",
 "jobId":"",
 "logger":"o.s.b.a.e.web.EndpointLinksResolver",
 "message":"Exposing 2 endpoints beneath base path '/actuator'",
 "exception":""}

{"timestamp":"2026-04-02T07:35:52.594",
 "level":"INFO",
 "service":"account-service",
 "thread":"main",
 "traceId":"",
 "spanId":"",
 "correlationId":"",
 "jobId":"",
 "logger":"o.s.boot.tomcat.TomcatWebServer",
 "message":"Tomcat started on port 8095 (http) with context path '/'",
 "exception":""}

{"timestamp":"2026-04-02T07:35:53.078",
 "level":"INFO",
 "service":"account-service",
 "thread":"main",
 "traceId":"",
 "spanId":"",
 "correlationId":"",
 "jobId":"",
 "logger":"n.d.b.g.s.s.AbstractGrpcServerFactory",
 "message":"Registered gRPC service: AccountService, bean: accountGrpcService, class: snvn.accountservice.grpcController.AccountGrpcService",
 "exception":""}

{"timestamp":"2026-04-02T07:35:53.080",
 "level":"INFO",
 "service":"account-service",
 "thread":"main",
 "traceId":"",
 "spanId":"",
 "correlationId":"",
 "jobId":"",
 "logger":"n.d.b.g.s.s.AbstractGrpcServerFactory",
 "message":"Registered gRPC service: AsyncTestService, bean: asyncTestServiceImpl, class: snvn.accountservice.grpcController.AsyncTestServiceImpl",
 "exception":""}

{"timestamp":"2026-04-02T07:35:53.081",
 "level":"INFO",
 "service":"account-service",
 "thread":"main",
 "traceId":"",
 "spanId":"",
 "correlationId":"",
 "jobId":"",
 "logger":"n.d.b.g.s.s.AbstractGrpcServerFactory",
 "message":"Registered gRPC service: grpc.health.v1.Health, bean: grpcHealthService, class: io.grpc.protobuf.services.HealthServiceImpl",
 "exception":""}

{"timestamp":"2026-04-02T07:35:53.082",
 "level":"INFO",
 "service":"account-service",
 "thread":"main",
 "traceId":"",
 "spanId":"",
 "correlationId":"",
 "jobId":"",
 "logger":"n.d.b.g.s.s.AbstractGrpcServerFactory",
 "message":"Registered gRPC service: grpc.reflection.v1alpha.ServerReflection, bean: protoReflectionService, class: io.grpc.protobuf.services.ProtoReflectionService",
 "exception":""}

{"timestamp":"2026-04-02T07:35:53.807",
 "level":"INFO",
 "service":"account-service",
 "thread":"main",
 "traceId":"",
 "spanId":"",
 "correlationId":"",
 "jobId":"",
 "logger":"n.d.b.g.s.s.GrpcServerLifecycle",
 "message":"gRPC Server started, listening on address: *, port: 9093",
 "exception":""}

{"timestamp":"2026-04-02T07:35:53.871",
 "level":"INFO",
 "service":"account-service",
 "thread":"main",
 "traceId":"",
 "spanId":"",
 "correlationId":"",
 "jobId":"",
 "logger":"s.a.AccountServiceApplication",
 "message":"Started AccountServiceApplication in 35.437 seconds (process running for 48.148)",
 "exception":""}

{"timestamp":"2026-04-02T09:50:38.972",
 "level":"INFO",
 "service":"account-service",
 "thread":"SpringApplicationShutdownHook",
 "traceId":"",
 "spanId":"",
 "correlationId":"",
 "jobId":"",
 "logger":"n.d.b.g.s.s.GrpcServerLifecycle",
 "message":"Completed gRPC server shutdown",
 "exception":""}

{"timestamp":"2026-04-02T09:50:39.069",
 "level":"INFO",
 "service":"account-service",
 "thread":"SpringApplicationShutdownHook",
 "traceId":"",
 "spanId":"",
 "correlationId":"",
 "jobId":"",
 "logger":"o.s.boot.tomcat.GracefulShutdown",
 "message":"Commencing graceful shutdown. Waiting for active requests to complete",
 "exception":""}

{"timestamp":"2026-04-02T09:50:39.257",
 "level":"INFO",
 "service":"account-service",
 "thread":"tomcat-shutdown",
 "traceId":"",
 "spanId":"",
 "correlationId":"",
 "jobId":"",
 "logger":"o.s.boot.tomcat.GracefulShutdown",
 "message":"Graceful shutdown complete",
 "exception":""}

{"timestamp":"2026-04-02T09:50:39.384",
 "level":"INFO",
 "service":"account-service",
 "thread":"SpringApplicationShutdownHook",
 "traceId":"",
 "spanId":"",
 "correlationId":"",
 "jobId":"",
 "logger":"o.s.o.j.LocalContainerEntityManagerFactoryBean",
 "message":"Closing JPA EntityManagerFactory for persistence unit 'default'",
 "exception":""}

{"timestamp":"2026-04-02T09:50:39.529",
 "level":"INFO",
 "service":"account-service",
 "thread":"SpringApplicationShutdownHook",
 "traceId":"",
 "spanId":"",
 "correlationId":"",
 "jobId":"",
 "logger":"com.zaxxer.hikari.HikariDataSource",
 "message":"HikariPool-1 - Shutdown initiated...",
 "exception":""}

{"timestamp":"2026-04-02T09:50:39.594",
 "level":"INFO",
 "service":"account-service",
 "thread":"SpringApplicationShutdownHook",
 "traceId":"",
 "spanId":"",
 "correlationId":"",
 "jobId":"",
 "logger":"com.zaxxer.hikari.HikariDataSource",
 "message":"HikariPool-1 - Shutdown completed.",
 "exception":""}

