{"timestamp":"2026-04-02T07:34:58.539",
 "level":"INFO",
 "service":"notification-service",
 "thread":"main",
 "traceId":"",
 "spanId":"",
 "correlationId":"",
 "jobId":"",
 "logger":"s.n.NotificationServiceApplication",
 "message":"Starting NotificationServiceApplication using Java 25.0.1 with PID 26292 (D:\module project\base\notification-service\target\classes started by 01957 in D:\module project\base)",
 "exception":""}

{"timestamp":"2026-04-02T07:34:58.554",
 "level":"DEBUG",
 "service":"notification-service",
 "thread":"main",
 "traceId":"",
 "spanId":"",
 "correlationId":"",
 "jobId":"",
 "logger":"s.n.NotificationServiceApplication",
 "message":"Running with Spring Boot v4.0.0, Spring v7.0.1",
 "exception":""}

{"timestamp":"2026-04-02T07:34:58.557",
 "level":"INFO",
 "service":"notification-service",
 "thread":"main",
 "traceId":"",
 "spanId":"",
 "correlationId":"",
 "jobId":"",
 "logger":"s.n.NotificationServiceApplication",
 "message":"No active profile set, falling back to 1 default profile: "default"",
 "exception":""}

{"timestamp":"2026-04-02T07:35:02.943",
 "level":"INFO",
 "service":"notification-service",
 "thread":"main",
 "traceId":"",
 "spanId":"",
 "correlationId":"",
 "jobId":"",
 "logger":"o.s.d.r.c.RepositoryConfigurationDelegate",
 "message":"Bootstrapping Spring Data JPA repositories in DEFAULT mode.",
 "exception":""}

{"timestamp":"2026-04-02T07:35:03.038",
 "level":"INFO",
 "service":"notification-service",
 "thread":"main",
 "traceId":"",
 "spanId":"",
 "correlationId":"",
 "jobId":"",
 "logger":"o.s.d.r.c.RepositoryConfigurationDelegate",
 "message":"Finished Spring Data repository scanning in 56 ms. Found 0 JPA repository interfaces.",
 "exception":""}

{"timestamp":"2026-04-02T07:35:06.900",
 "level":"INFO",
 "service":"notification-service",
 "thread":"main",
 "traceId":"",
 "spanId":"",
 "correlationId":"",
 "jobId":"",
 "logger":"o.s.boot.tomcat.TomcatWebServer",
 "message":"Tomcat initialized with port 8100 (http)",
 "exception":""}

{"timestamp":"2026-04-02T07:35:06.979",
 "level":"INFO",
 "service":"notification-service",
 "thread":"main",
 "traceId":"",
 "spanId":"",
 "correlationId":"",
 "jobId":"",
 "logger":"o.a.catalina.core.StandardService",
 "message":"Starting service [Tomcat]",
 "exception":""}

{"timestamp":"2026-04-02T07:35:06.982",
 "level":"INFO",
 "service":"notification-service",
 "thread":"main",
 "traceId":"",
 "spanId":"",
 "correlationId":"",
 "jobId":"",
 "logger":"o.a.catalina.core.StandardEngine",
 "message":"Starting Servlet engine: [Apache Tomcat/11.0.14]",
 "exception":""}

{"timestamp":"2026-04-02T07:35:07.357",
 "level":"INFO",
 "service":"notification-service",
 "thread":"main",
 "traceId":"",
 "spanId":"",
 "correlationId":"",
 "jobId":"",
 "logger":"o.s.b.w.c.s.WebApplicationContextInitializer",
 "message":"Root WebApplicationContext: initialization completed in 8640 ms",
 "exception":""}

{"timestamp":"2026-04-02T07:35:08.614",
 "level":"INFO",
 "service":"notification-service",
 "thread":"main",
 "traceId":"",
 "spanId":"",
 "correlationId":"",
 "jobId":"",
 "logger":"o.h.jpa.internal.util.LogHelper",
 "message":"HHH000204: Processing PersistenceUnitInfo [name: default]",
 "exception":""}

{"timestamp":"2026-04-02T07:35:08.861",
 "level":"INFO",
 "service":"notification-service",
 "thread":"main",
 "traceId":"",
 "spanId":"",
 "correlationId":"",
 "jobId":"",
 "logger":"org.hibernate.Version",
 "message":"HHH000412: Hibernate ORM core version 7.1.8.Final",
 "exception":""}

{"timestamp":"2026-04-02T07:35:11.617",
 "level":"INFO",
 "service":"notification-service",
 "thread":"main",
 "traceId":"",
 "spanId":"",
 "correlationId":"",
 "jobId":"",
 "logger":"o.s.o.j.p.SpringPersistenceUnitInfo",
 "message":"No LoadTimeWeaver setup: ignoring JPA class transformer",
 "exception":""}

{"timestamp":"2026-04-02T07:35:11.812",
 "level":"INFO",
 "service":"notification-service",
 "thread":"main",
 "traceId":"",
 "spanId":"",
 "correlationId":"",
 "jobId":"",
 "logger":"com.zaxxer.hikari.HikariDataSource",
 "message":"HikariPool-1 - Starting...",
 "exception":""}

{"timestamp":"2026-04-02T07:35:12.821",
 "level":"INFO",
 "service":"notification-service",
 "thread":"main",
 "traceId":"",
 "spanId":"",
 "correlationId":"",
 "jobId":"",
 "logger":"com.zaxxer.hikari.pool.HikariPool",
 "message":"HikariPool-1 - Added connection conn0: url=jdbc:h2:mem:notificationdb user=SA",
 "exception":""}

{"timestamp":"2026-04-02T07:35:12.831",
 "level":"INFO",
 "service":"notification-service",
 "thread":"main",
 "traceId":"",
 "spanId":"",
 "correlationId":"",
 "jobId":"",
 "logger":"com.zaxxer.hikari.HikariDataSource",
 "message":"HikariPool-1 - Start completed.",
 "exception":""}

{"timestamp":"2026-04-02T07:35:12.982",
 "level":"WARN",
 "service":"notification-service",
 "thread":"main",
 "traceId":"",
 "spanId":"",
 "correlationId":"",
 "jobId":"",
 "logger":"org.hibernate.orm.deprecation",
 "message":"HHH90000025: H2Dialect does not need to be specified explicitly using 'hibernate.dialect' (remove the property setting and it will be selected by default)",
 "exception":""}

{"timestamp":"2026-04-02T07:35:13.168",
 "level":"INFO",
 "service":"notification-service",
 "thread":"main",
 "traceId":"",
 "spanId":"",
 "correlationId":"",
 "jobId":"",
 "logger":"o.hibernate.orm.connections.pooling",
 "message":"HHH10001005: Database info:
	Database JDBC URL [jdbc:h2:mem:notificationdb]
	Database driver: H2 JDBC Driver
	Database dialect: H2Dialect
	Database version: 2.4.240
	Default catalog/schema: NOTIFICATIONDB/PUBLIC
	Autocommit mode: undefined/unknown
	Isolation level: READ_COMMITTED [default READ_COMMITTED]
	JDBC fetch size: 100
	Pool: DatasourceConnectionProviderImpl
	Minimum pool size: undefined/unknown
	Maximum pool size: undefined/unknown",
 "exception":""}

{"timestamp":"2026-04-02T07:35:17.336",
 "level":"INFO",
 "service":"notification-service",
 "thread":"main",
 "traceId":"",
 "spanId":"",
 "correlationId":"",
 "jobId":"",
 "logger":"o.h.e.t.j.p.i.JtaPlatformInitiator",
 "message":"HHH000489: No JTA platform available (set 'hibernate.transaction.jta.platform' to enable JTA platform integration)",
 "exception":""}

{"timestamp":"2026-04-02T07:35:17.520",
 "level":"INFO",
 "service":"notification-service",
 "thread":"main",
 "traceId":"",
 "spanId":"",
 "correlationId":"",
 "jobId":"",
 "logger":"o.s.o.j.LocalContainerEntityManagerFactoryBean",
 "message":"Initialized JPA EntityManagerFactory for persistence unit 'default'",
 "exception":""}

{"timestamp":"2026-04-02T07:35:17.930",
 "level":"INFO",
 "service":"notification-service",
 "thread":"main",
 "traceId":"",
 "spanId":"",
 "correlationId":"",
 "jobId":"",
 "logger":"s.c.exception.GlobalExceptionHandler",
 "message":"GlobalExceptionHandler initialized with: NoOpExternalLogService",
 "exception":""}

{"timestamp":"2026-04-02T07:35:18.103",
 "level":"WARN",
 "service":"notification-service",
 "thread":"main",
 "traceId":"",
 "spanId":"",
 "correlationId":"",
 "jobId":"",
 "logger":"o.s.b.j.a.JpaBaseConfiguration$JpaWebConfiguration",
 "message":"spring.jpa.open-in-view is enabled by default. Therefore, database queries may be performed during view rendering. Explicitly configure spring.jpa.open-in-view to disable this warning",
 "exception":""}

{"timestamp":"2026-04-02T07:35:20.179",
 "level":"INFO",
 "service":"notification-service",
 "thread":"main",
 "traceId":"",
 "spanId":"",
 "correlationId":"",
 "jobId":"",
 "logger":"o.s.b.a.e.web.EndpointLinksResolver",
 "message":"Exposing 2 endpoints beneath base path '/actuator'",
 "exception":""}

{"timestamp":"2026-04-02T07:35:20.621",
 "level":"INFO",
 "service":"notification-service",
 "thread":"main",
 "traceId":"",
 "spanId":"",
 "correlationId":"",
 "jobId":"",
 "logger":"o.s.boot.tomcat.TomcatWebServer",
 "message":"Tomcat started on port 8100 (http) with context path '/'",
 "exception":""}

{"timestamp":"2026-04-02T07:35:20.656",
 "level":"INFO",
 "service":"notification-service",
 "thread":"main",
 "traceId":"",
 "spanId":"",
 "correlationId":"",
 "jobId":"",
 "logger":"s.n.NotificationServiceApplication",
 "message":"Started NotificationServiceApplication in 23.182 seconds (process running for 24.268)",
 "exception":""}

{"timestamp":"2026-04-02T09:50:37.156",
 "level":"INFO",
 "service":"notification-service",
 "thread":"SpringApplicationShutdownHook",
 "traceId":"",
 "spanId":"",
 "correlationId":"",
 "jobId":"",
 "logger":"o.s.boot.tomcat.GracefulShutdown",
 "message":"Commencing graceful shutdown. Waiting for active requests to complete",
 "exception":""}

{"timestamp":"2026-04-02T09:50:37.298",
 "level":"INFO",
 "service":"notification-service",
 "thread":"tomcat-shutdown",
 "traceId":"",
 "spanId":"",
 "correlationId":"",
 "jobId":"",
 "logger":"o.s.boot.tomcat.GracefulShutdown",
 "message":"Graceful shutdown complete",
 "exception":""}

{"timestamp":"2026-04-02T09:50:37.373",
 "level":"INFO",
 "service":"notification-service",
 "thread":"SpringApplicationShutdownHook",
 "traceId":"",
 "spanId":"",
 "correlationId":"",
 "jobId":"",
 "logger":"o.s.o.j.LocalContainerEntityManagerFactoryBean",
 "message":"Closing JPA EntityManagerFactory for persistence unit 'default'",
 "exception":""}

{"timestamp":"2026-04-02T09:50:37.427",
 "level":"INFO",
 "service":"notification-service",
 "thread":"SpringApplicationShutdownHook",
 "traceId":"",
 "spanId":"",
 "correlationId":"",
 "jobId":"",
 "logger":"com.zaxxer.hikari.HikariDataSource",
 "message":"HikariPool-1 - Shutdown initiated...",
 "exception":""}

{"timestamp":"2026-04-02T09:50:37.445",
 "level":"INFO",
 "service":"notification-service",
 "thread":"SpringApplicationShutdownHook",
 "traceId":"",
 "spanId":"",
 "correlationId":"",
 "jobId":"",
 "logger":"com.zaxxer.hikari.HikariDataSource",
 "message":"HikariPool-1 - Shutdown completed.",
 "exception":""}

{"timestamp":"2026-04-02T13:11:31.760",
 "level":"INFO",
 "service":"notification-service",
 "thread":"main",
 "traceId":"",
 "spanId":"",
 "correlationId":"",
 "jobId":"",
 "logger":"s.n.NotificationServiceApplication",
 "message":"Starting NotificationServiceApplication using Java 25.0.1 with PID 19064 (D:\module project\base\notification-service\target\classes started by 01957 in D:\module project\base)",
 "exception":""}

{"timestamp":"2026-04-02T13:11:31.768",
 "level":"DEBUG",
 "service":"notification-service",
 "thread":"main",
 "traceId":"",
 "spanId":"",
 "correlationId":"",
 "jobId":"",
 "logger":"s.n.NotificationServiceApplication",
 "message":"Running with Spring Boot v4.0.0, Spring v7.0.1",
 "exception":""}

{"timestamp":"2026-04-02T13:11:31.772",
 "level":"INFO",
 "service":"notification-service",
 "thread":"main",
 "traceId":"",
 "spanId":"",
 "correlationId":"",
 "jobId":"",
 "logger":"s.n.NotificationServiceApplication",
 "message":"No active profile set, falling back to 1 default profile: "default"",
 "exception":""}

{"timestamp":"2026-04-02T13:11:36.626",
 "level":"INFO",
 "service":"notification-service",
 "thread":"main",
 "traceId":"",
 "spanId":"",
 "correlationId":"",
 "jobId":"",
 "logger":"o.s.d.r.c.RepositoryConfigurationDelegate",
 "message":"Bootstrapping Spring Data JPA repositories in DEFAULT mode.",
 "exception":""}

{"timestamp":"2026-04-02T13:11:36.736",
 "level":"INFO",
 "service":"notification-service",
 "thread":"main",
 "traceId":"",
 "spanId":"",
 "correlationId":"",
 "jobId":"",
 "logger":"o.s.d.r.c.RepositoryConfigurationDelegate",
 "message":"Finished Spring Data repository scanning in 59 ms. Found 0 JPA repository interfaces.",
 "exception":""}

{"timestamp":"2026-04-02T13:11:39.593",
 "level":"INFO",
 "service":"notification-service",
 "thread":"main",
 "traceId":"",
 "spanId":"",
 "correlationId":"",
 "jobId":"",
 "logger":"o.s.boot.tomcat.TomcatWebServer",
 "message":"Tomcat initialized with port 8100 (http)",
 "exception":""}

{"timestamp":"2026-04-02T13:11:39.653",
 "level":"INFO",
 "service":"notification-service",
 "thread":"main",
 "traceId":"",
 "spanId":"",
 "correlationId":"",
 "jobId":"",
 "logger":"o.a.catalina.core.StandardService",
 "message":"Starting service [Tomcat]",
 "exception":""}

{"timestamp":"2026-04-02T13:11:39.655",
 "level":"INFO",
 "service":"notification-service",
 "thread":"main",
 "traceId":"",
 "spanId":"",
 "correlationId":"",
 "jobId":"",
 "logger":"o.a.catalina.core.StandardEngine",
 "message":"Starting Servlet engine: [Apache Tomcat/11.0.14]",
 "exception":""}

{"timestamp":"2026-04-02T13:11:39.979",
 "level":"INFO",
 "service":"notification-service",
 "thread":"main",
 "traceId":"",
 "spanId":"",
 "correlationId":"",
 "jobId":"",
 "logger":"o.s.b.w.c.s.WebApplicationContextInitializer",
 "message":"Root WebApplicationContext: initialization completed in 7979 ms",
 "exception":""}

{"timestamp":"2026-04-02T13:11:41.293",
 "level":"INFO",
 "service":"notification-service",
 "thread":"main",
 "traceId":"",
 "spanId":"",
 "correlationId":"",
 "jobId":"",
 "logger":"o.h.jpa.internal.util.LogHelper",
 "message":"HHH000204: Processing PersistenceUnitInfo [name: default]",
 "exception":""}

{"timestamp":"2026-04-02T13:11:41.650",
 "level":"INFO",
 "service":"notification-service",
 "thread":"main",
 "traceId":"",
 "spanId":"",
 "correlationId":"",
 "jobId":"",
 "logger":"org.hibernate.Version",
 "message":"HHH000412: Hibernate ORM core version 7.1.8.Final",
 "exception":""}

{"timestamp":"2026-04-02T13:11:44.515",
 "level":"INFO",
 "service":"notification-service",
 "thread":"main",
 "traceId":"",
 "spanId":"",
 "correlationId":"",
 "jobId":"",
 "logger":"o.s.o.j.p.SpringPersistenceUnitInfo",
 "message":"No LoadTimeWeaver setup: ignoring JPA class transformer",
 "exception":""}

{"timestamp":"2026-04-02T13:11:44.690",
 "level":"INFO",
 "service":"notification-service",
 "thread":"main",
 "traceId":"",
 "spanId":"",
 "correlationId":"",
 "jobId":"",
 "logger":"com.zaxxer.hikari.HikariDataSource",
 "message":"HikariPool-1 - Starting...",
 "exception":""}

{"timestamp":"2026-04-02T13:11:45.486",
 "level":"INFO",
 "service":"notification-service",
 "thread":"main",
 "traceId":"",
 "spanId":"",
 "correlationId":"",
 "jobId":"",
 "logger":"com.zaxxer.hikari.pool.HikariPool",
 "message":"HikariPool-1 - Added connection conn0: url=jdbc:h2:mem:notificationdb user=SA",
 "exception":""}

{"timestamp":"2026-04-02T13:11:45.494",
 "level":"INFO",
 "service":"notification-service",
 "thread":"main",
 "traceId":"",
 "spanId":"",
 "correlationId":"",
 "jobId":"",
 "logger":"com.zaxxer.hikari.HikariDataSource",
 "message":"HikariPool-1 - Start completed.",
 "exception":""}

{"timestamp":"2026-04-02T13:11:45.596",
 "level":"WARN",
 "service":"notification-service",
 "thread":"main",
 "traceId":"",
 "spanId":"",
 "correlationId":"",
 "jobId":"",
 "logger":"org.hibernate.orm.deprecation",
 "message":"HHH90000025: H2Dialect does not need to be specified explicitly using 'hibernate.dialect' (remove the property setting and it will be selected by default)",
 "exception":""}

{"timestamp":"2026-04-02T13:11:45.700",
 "level":"INFO",
 "service":"notification-service",
 "thread":"main",
 "traceId":"",
 "spanId":"",
 "correlationId":"",
 "jobId":"",
 "logger":"o.hibernate.orm.connections.pooling",
 "message":"HHH10001005: Database info:
	Database JDBC URL [jdbc:h2:mem:notificationdb]
	Database driver: H2 JDBC Driver
	Database dialect: H2Dialect
	Database version: 2.4.240
	Default catalog/schema: NOTIFICATIONDB/PUBLIC
	Autocommit mode: undefined/unknown
	Isolation level: READ_COMMITTED [default READ_COMMITTED]
	JDBC fetch size: 100
	Pool: DatasourceConnectionProviderImpl
	Minimum pool size: undefined/unknown
	Maximum pool size: undefined/unknown",
 "exception":""}

{"timestamp":"2026-04-02T13:11:48.066",
 "level":"INFO",
 "service":"notification-service",
 "thread":"main",
 "traceId":"",
 "spanId":"",
 "correlationId":"",
 "jobId":"",
 "logger":"o.h.e.t.j.p.i.JtaPlatformInitiator",
 "message":"HHH000489: No JTA platform available (set 'hibernate.transaction.jta.platform' to enable JTA platform integration)",
 "exception":""}

{"timestamp":"2026-04-02T13:11:48.120",
 "level":"INFO",
 "service":"notification-service",
 "thread":"main",
 "traceId":"",
 "spanId":"",
 "correlationId":"",
 "jobId":"",
 "logger":"o.s.o.j.LocalContainerEntityManagerFactoryBean",
 "message":"Initialized JPA EntityManagerFactory for persistence unit 'default'",
 "exception":""}

{"timestamp":"2026-04-02T13:11:48.422",
 "level":"INFO",
 "service":"notification-service",
 "thread":"main",
 "traceId":"",
 "spanId":"",
 "correlationId":"",
 "jobId":"",
 "logger":"s.c.exception.GlobalExceptionHandler",
 "message":"GlobalExceptionHandler initialized with: NoOpExternalLogService",
 "exception":""}

{"timestamp":"2026-04-02T13:11:48.585",
 "level":"WARN",
 "service":"notification-service",
 "thread":"main",
 "traceId":"",
 "spanId":"",
 "correlationId":"",
 "jobId":"",
 "logger":"o.s.b.j.a.JpaBaseConfiguration$JpaWebConfiguration",
 "message":"spring.jpa.open-in-view is enabled by default. Therefore, database queries may be performed during view rendering. Explicitly configure spring.jpa.open-in-view to disable this warning",
 "exception":""}

{"timestamp":"2026-04-02T13:11:50.375",
 "level":"INFO",
 "service":"notification-service",
 "thread":"main",
 "traceId":"",
 "spanId":"",
 "correlationId":"",
 "jobId":"",
 "logger":"o.s.b.a.e.web.EndpointLinksResolver",
 "message":"Exposing 2 endpoints beneath base path '/actuator'",
 "exception":""}

{"timestamp":"2026-04-02T13:11:50.714",
 "level":"INFO",
 "service":"notification-service",
 "thread":"main",
 "traceId":"",
 "spanId":"",
 "correlationId":"",
 "jobId":"",
 "logger":"o.s.boot.tomcat.TomcatWebServer",
 "message":"Tomcat started on port 8100 (http) with context path '/'",
 "exception":""}

{"timestamp":"2026-04-02T13:11:50.762",
 "level":"INFO",
 "service":"notification-service",
 "thread":"main",
 "traceId":"",
 "spanId":"",
 "correlationId":"",
 "jobId":"",
 "logger":"s.n.NotificationServiceApplication",
 "message":"Started NotificationServiceApplication in 21.42 seconds (process running for 23.613)",
 "exception":""}

{"timestamp":"2026-04-02T13:51:43.594",
 "level":"WARN",
 "service":"notification-service",
 "thread":"HikariPool-1:housekeeper",
 "traceId":"",
 "spanId":"",
 "correlationId":"",
 "jobId":"",
 "logger":"com.zaxxer.hikari.pool.HikariPool",
 "message":"HikariPool-1 - Thread starvation or clock leap detected (housekeeper delta=2m27s874ms823µs700ns).",
 "exception":""}

