{"timestamp":"2026-04-02T07:36:59.217",
 "level":"INFO",
 "service":"rabbitmq-service",
 "thread":"main",
 "traceId":"",
 "spanId":"",
 "correlationId":"",
 "jobId":"",
 "logger":"s.r.RabbitMQServiceApplication",
 "message":"Starting RabbitMQServiceApplication using Java 25.0.1 with PID 25396 (D:\module project\base\rabbitmq-service\target\classes started by 01957 in D:\module project\base)",
 "exception":""}

{"timestamp":"2026-04-02T07:36:59.243",
 "level":"DEBUG",
 "service":"rabbitmq-service",
 "thread":"main",
 "traceId":"",
 "spanId":"",
 "correlationId":"",
 "jobId":"",
 "logger":"s.r.RabbitMQServiceApplication",
 "message":"Running with Spring Boot v4.0.0, Spring v7.0.1",
 "exception":""}

{"timestamp":"2026-04-02T07:36:59.246",
 "level":"INFO",
 "service":"rabbitmq-service",
 "thread":"main",
 "traceId":"",
 "spanId":"",
 "correlationId":"",
 "jobId":"",
 "logger":"s.r.RabbitMQServiceApplication",
 "message":"No active profile set, falling back to 1 default profile: "default"",
 "exception":""}

{"timestamp":"2026-04-02T07:37:05.242",
 "level":"INFO",
 "service":"rabbitmq-service",
 "thread":"main",
 "traceId":"",
 "spanId":"",
 "correlationId":"",
 "jobId":"",
 "logger":"o.s.d.r.c.RepositoryConfigurationDelegate",
 "message":"Bootstrapping Spring Data JPA repositories in DEFAULT mode.",
 "exception":""}

{"timestamp":"2026-04-02T07:37:05.580",
 "level":"INFO",
 "service":"rabbitmq-service",
 "thread":"main",
 "traceId":"",
 "spanId":"",
 "correlationId":"",
 "jobId":"",
 "logger":"o.s.d.r.c.RepositoryConfigurationDelegate",
 "message":"Finished Spring Data repository scanning in 290 ms. Found 1 JPA repository interface.",
 "exception":""}

{"timestamp":"2026-04-02T07:37:07.397",
 "level":"WARN",
 "service":"rabbitmq-service",
 "thread":"main",
 "traceId":"",
 "spanId":"",
 "correlationId":"",
 "jobId":"",
 "logger":"o.s.c.s.PostProcessorRegistrationDelegate$BeanPostProcessorChecker",
 "message":"Bean 'rabbitMQConfig' of type [snvn.rabbitmqservice.config.RabbitMQConfig$$SpringCGLIB$$0] is not eligible for getting processed by all BeanPostProcessors (for example: not eligible for auto-proxying). The currently created BeanPostProcessor [rabbitTemplateBeanPostProcessor] is declared through a non-static factory method on that class; consider declaring it as static instead.",
 "exception":""}

{"timestamp":"2026-04-02T07:37:08.086",
 "level":"WARN",
 "service":"rabbitmq-service",
 "thread":"main",
 "traceId":"",
 "spanId":"",
 "correlationId":"",
 "jobId":"",
 "logger":"o.s.c.s.PostProcessorRegistrationDelegate$BeanPostProcessorChecker",
 "message":"Bean 'jackson2JsonMessageConverter' of type [org.springframework.amqp.support.converter.Jackson2JsonMessageConverter] is not eligible for getting processed by all BeanPostProcessors (for example: not eligible for auto-proxying). Is this bean getting eagerly injected/applied to a currently created BeanPostProcessor [rabbitTemplateBeanPostProcessor]? Check the corresponding BeanPostProcessor declaration and its dependencies/advisors. If this bean does not have to be post-processed, declare it with ROLE_INFRASTRUCTURE.",
 "exception":""}

{"timestamp":"2026-04-02T07:37:09.322",
 "level":"INFO",
 "service":"rabbitmq-service",
 "thread":"main",
 "traceId":"",
 "spanId":"",
 "correlationId":"",
 "jobId":"",
 "logger":"o.s.boot.tomcat.TomcatWebServer",
 "message":"Tomcat initialized with port 8098 (http)",
 "exception":""}

{"timestamp":"2026-04-02T07:37:09.380",
 "level":"INFO",
 "service":"rabbitmq-service",
 "thread":"main",
 "traceId":"",
 "spanId":"",
 "correlationId":"",
 "jobId":"",
 "logger":"o.a.catalina.core.StandardService",
 "message":"Starting service [Tomcat]",
 "exception":""}

{"timestamp":"2026-04-02T07:37:09.382",
 "level":"INFO",
 "service":"rabbitmq-service",
 "thread":"main",
 "traceId":"",
 "spanId":"",
 "correlationId":"",
 "jobId":"",
 "logger":"o.a.catalina.core.StandardEngine",
 "message":"Starting Servlet engine: [Apache Tomcat/11.0.14]",
 "exception":""}

{"timestamp":"2026-04-02T07:37:09.756",
 "level":"INFO",
 "service":"rabbitmq-service",
 "thread":"main",
 "traceId":"",
 "spanId":"",
 "correlationId":"",
 "jobId":"",
 "logger":"o.s.b.w.c.s.WebApplicationContextInitializer",
 "message":"Root WebApplicationContext: initialization completed in 10230 ms",
 "exception":""}

{"timestamp":"2026-04-02T07:37:11.090",
 "level":"INFO",
 "service":"rabbitmq-service",
 "thread":"main",
 "traceId":"",
 "spanId":"",
 "correlationId":"",
 "jobId":"",
 "logger":"o.h.jpa.internal.util.LogHelper",
 "message":"HHH000204: Processing PersistenceUnitInfo [name: default]",
 "exception":""}

{"timestamp":"2026-04-02T07:37:11.438",
 "level":"INFO",
 "service":"rabbitmq-service",
 "thread":"main",
 "traceId":"",
 "spanId":"",
 "correlationId":"",
 "jobId":"",
 "logger":"org.hibernate.Version",
 "message":"HHH000412: Hibernate ORM core version 7.1.8.Final",
 "exception":""}

{"timestamp":"2026-04-02T07:37:14.370",
 "level":"INFO",
 "service":"rabbitmq-service",
 "thread":"main",
 "traceId":"",
 "spanId":"",
 "correlationId":"",
 "jobId":"",
 "logger":"o.s.o.j.p.SpringPersistenceUnitInfo",
 "message":"No LoadTimeWeaver setup: ignoring JPA class transformer",
 "exception":""}

{"timestamp":"2026-04-02T07:37:14.590",
 "level":"INFO",
 "service":"rabbitmq-service",
 "thread":"main",
 "traceId":"",
 "spanId":"",
 "correlationId":"",
 "jobId":"",
 "logger":"com.zaxxer.hikari.HikariDataSource",
 "message":"HikariPool-1 - Starting...",
 "exception":""}

{"timestamp":"2026-04-02T07:37:15.637",
 "level":"INFO",
 "service":"rabbitmq-service",
 "thread":"main",
 "traceId":"",
 "spanId":"",
 "correlationId":"",
 "jobId":"",
 "logger":"com.zaxxer.hikari.pool.HikariPool",
 "message":"HikariPool-1 - Added connection conn0: url=jdbc:h2:mem:rabbitmqdb user=SA",
 "exception":""}

{"timestamp":"2026-04-02T07:37:15.644",
 "level":"INFO",
 "service":"rabbitmq-service",
 "thread":"main",
 "traceId":"",
 "spanId":"",
 "correlationId":"",
 "jobId":"",
 "logger":"com.zaxxer.hikari.HikariDataSource",
 "message":"HikariPool-1 - Start completed.",
 "exception":""}

{"timestamp":"2026-04-02T07:37:15.772",
 "level":"WARN",
 "service":"rabbitmq-service",
 "thread":"main",
 "traceId":"",
 "spanId":"",
 "correlationId":"",
 "jobId":"",
 "logger":"org.hibernate.orm.deprecation",
 "message":"HHH90000025: H2Dialect does not need to be specified explicitly using 'hibernate.dialect' (remove the property setting and it will be selected by default)",
 "exception":""}

{"timestamp":"2026-04-02T07:37:15.918",
 "level":"INFO",
 "service":"rabbitmq-service",
 "thread":"main",
 "traceId":"",
 "spanId":"",
 "correlationId":"",
 "jobId":"",
 "logger":"o.hibernate.orm.connections.pooling",
 "message":"HHH10001005: Database info:
	Database JDBC URL [jdbc:h2:mem:rabbitmqdb]
	Database driver: H2 JDBC Driver
	Database dialect: H2Dialect
	Database version: 2.4.240
	Default catalog/schema: RABBITMQDB/PUBLIC
	Autocommit mode: undefined/unknown
	Isolation level: READ_COMMITTED [default READ_COMMITTED]
	JDBC fetch size: 100
	Pool: DatasourceConnectionProviderImpl
	Minimum pool size: undefined/unknown
	Maximum pool size: undefined/unknown",
 "exception":""}

{"timestamp":"2026-04-02T07:37:23.566",
 "level":"INFO",
 "service":"rabbitmq-service",
 "thread":"main",
 "traceId":"",
 "spanId":"",
 "correlationId":"",
 "jobId":"",
 "logger":"o.h.e.t.j.p.i.JtaPlatformInitiator",
 "message":"HHH000489: No JTA platform available (set 'hibernate.transaction.jta.platform' to enable JTA platform integration)",
 "exception":""}

{"timestamp":"2026-04-02T07:37:24.082",
 "level":"INFO",
 "service":"rabbitmq-service",
 "thread":"main",
 "traceId":"",
 "spanId":"",
 "correlationId":"",
 "jobId":"",
 "logger":"o.s.o.j.LocalContainerEntityManagerFactoryBean",
 "message":"Initialized JPA EntityManagerFactory for persistence unit 'default'",
 "exception":""}

{"timestamp":"2026-04-02T07:37:24.701",
 "level":"INFO",
 "service":"rabbitmq-service",
 "thread":"main",
 "traceId":"",
 "spanId":"",
 "correlationId":"",
 "jobId":"",
 "logger":"o.s.d.j.r.q.QueryEnhancerFactories",
 "message":"Hibernate is in classpath; If applicable, HQL parser will be used.",
 "exception":""}

{"timestamp":"2026-04-02T07:37:27.253",
 "level":"INFO",
 "service":"rabbitmq-service",
 "thread":"main",
 "traceId":"",
 "spanId":"",
 "correlationId":"",
 "jobId":"",
 "logger":"s.c.exception.GlobalExceptionHandler",
 "message":"GlobalExceptionHandler initialized with: NoOpExternalLogService",
 "exception":""}

{"timestamp":"2026-04-02T07:37:27.492",
 "level":"WARN",
 "service":"rabbitmq-service",
 "thread":"main",
 "traceId":"",
 "spanId":"",
 "correlationId":"",
 "jobId":"",
 "logger":"o.s.b.j.a.JpaBaseConfiguration$JpaWebConfiguration",
 "message":"spring.jpa.open-in-view is enabled by default. Therefore, database queries may be performed during view rendering. Explicitly configure spring.jpa.open-in-view to disable this warning",
 "exception":""}

{"timestamp":"2026-04-02T07:37:30.600",
 "level":"INFO",
 "service":"rabbitmq-service",
 "thread":"main",
 "traceId":"",
 "spanId":"",
 "correlationId":"",
 "jobId":"",
 "logger":"o.s.b.a.e.web.EndpointLinksResolver",
 "message":"Exposing 3 endpoints beneath base path '/actuator'",
 "exception":""}

{"timestamp":"2026-04-02T07:37:31.638",
 "level":"INFO",
 "service":"rabbitmq-service",
 "thread":"main",
 "traceId":"",
 "spanId":"",
 "correlationId":"",
 "jobId":"",
 "logger":"o.s.boot.tomcat.TomcatWebServer",
 "message":"Tomcat started on port 8098 (http) with context path '/'",
 "exception":""}

{"timestamp":"2026-04-02T07:37:31.671",
 "level":"INFO",
 "service":"rabbitmq-service",
 "thread":"main",
 "traceId":"",
 "spanId":"",
 "correlationId":"",
 "jobId":"",
 "logger":"o.s.a.r.c.CachingConnectionFactory",
 "message":"Attempting to connect to: [localhost:5672]",
 "exception":""}

{"timestamp":"2026-04-02T07:37:32.252",
 "level":"INFO",
 "service":"rabbitmq-service",
 "thread":"main",
 "traceId":"",
 "spanId":"",
 "correlationId":"",
 "jobId":"",
 "logger":"o.s.a.r.c.CachingConnectionFactory",
 "message":"Created new connection: rabbitConnectionFactory#75dc995f:0/SimpleConnection@74be992a [delegate=amqp://admin@0:0:0:0:0:0:0:1:5672/, localPort=55367]",
 "exception":""}

{"timestamp":"2026-04-02T07:37:33.285",
 "level":"INFO",
 "service":"rabbitmq-service",
 "thread":"main",
 "traceId":"",
 "spanId":"",
 "correlationId":"",
 "jobId":"",
 "logger":"s.r.RabbitMQServiceApplication",
 "message":"Started RabbitMQServiceApplication in 36.62 seconds (process running for 39.232)",
 "exception":""}

{"timestamp":"2026-04-02T09:50:46.636",
 "level":"INFO",
 "service":"rabbitmq-service",
 "thread":"org.springframework.amqp.rabbit.RabbitListenerEndpointContainer#1-2",
 "traceId":"",
 "spanId":"",
 "correlationId":"",
 "jobId":"",
 "logger":"o.s.a.r.l.SimpleMessageListenerContainer",
 "message":"Waiting for workers to finish.",
 "exception":""}

{"timestamp":"2026-04-02T09:50:46.640",
 "level":"INFO",
 "service":"rabbitmq-service",
 "thread":"org.springframework.amqp.rabbit.RabbitListenerEndpointContainer#3-2",
 "traceId":"",
 "spanId":"",
 "correlationId":"",
 "jobId":"",
 "logger":"o.s.a.r.l.SimpleMessageListenerContainer",
 "message":"Waiting for workers to finish.",
 "exception":""}

{"timestamp":"2026-04-02T09:50:46.635",
 "level":"INFO",
 "service":"rabbitmq-service",
 "thread":"org.springframework.amqp.rabbit.RabbitListenerEndpointContainer#2-2",
 "traceId":"",
 "spanId":"",
 "correlationId":"",
 "jobId":"",
 "logger":"o.s.a.r.l.SimpleMessageListenerContainer",
 "message":"Waiting for workers to finish.",
 "exception":""}

{"timestamp":"2026-04-02T09:50:46.646",
 "level":"INFO",
 "service":"rabbitmq-service",
 "thread":"org.springframework.amqp.rabbit.RabbitListenerEndpointContainer#4-2",
 "traceId":"",
 "spanId":"",
 "correlationId":"",
 "jobId":"",
 "logger":"o.s.a.r.l.SimpleMessageListenerContainer",
 "message":"Waiting for workers to finish.",
 "exception":""}

{"timestamp":"2026-04-02T09:50:46.633",
 "level":"INFO",
 "service":"rabbitmq-service",
 "thread":"org.springframework.amqp.rabbit.RabbitListenerEndpointContainer#0-2",
 "traceId":"",
 "spanId":"",
 "correlationId":"",
 "jobId":"",
 "logger":"o.s.a.r.l.SimpleMessageListenerContainer",
 "message":"Waiting for workers to finish.",
 "exception":""}

{"timestamp":"2026-04-02T09:50:46.802",
 "level":"INFO",
 "service":"rabbitmq-service",
 "thread":"org.springframework.amqp.rabbit.RabbitListenerEndpointContainer#3-2",
 "traceId":"",
 "spanId":"",
 "correlationId":"",
 "jobId":"",
 "logger":"o.s.a.r.l.SimpleMessageListenerContainer",
 "message":"Successfully waited for workers to finish.",
 "exception":""}

{"timestamp":"2026-04-02T09:50:46.819",
 "level":"INFO",
 "service":"rabbitmq-service",
 "thread":"org.springframework.amqp.rabbit.RabbitListenerEndpointContainer#2-2",
 "traceId":"",
 "spanId":"",
 "correlationId":"",
 "jobId":"",
 "logger":"o.s.a.r.l.SimpleMessageListenerContainer",
 "message":"Successfully waited for workers to finish.",
 "exception":""}

{"timestamp":"2026-04-02T09:50:46.820",
 "level":"INFO",
 "service":"rabbitmq-service",
 "thread":"org.springframework.amqp.rabbit.RabbitListenerEndpointContainer#4-2",
 "traceId":"",
 "spanId":"",
 "correlationId":"",
 "jobId":"",
 "logger":"o.s.a.r.l.SimpleMessageListenerContainer",
 "message":"Successfully waited for workers to finish.",
 "exception":""}

{"timestamp":"2026-04-02T09:50:46.825",
 "level":"INFO",
 "service":"rabbitmq-service",
 "thread":"org.springframework.amqp.rabbit.RabbitListenerEndpointContainer#0-2",
 "traceId":"",
 "spanId":"",
 "correlationId":"",
 "jobId":"",
 "logger":"o.s.a.r.l.SimpleMessageListenerContainer",
 "message":"Successfully waited for workers to finish.",
 "exception":""}

{"timestamp":"2026-04-02T09:50:47.277",
 "level":"INFO",
 "service":"rabbitmq-service",
 "thread":"org.springframework.amqp.rabbit.RabbitListenerEndpointContainer#1-2",
 "traceId":"",
 "spanId":"",
 "correlationId":"",
 "jobId":"",
 "logger":"o.s.a.r.l.SimpleMessageListenerContainer",
 "message":"Successfully waited for workers to finish.",
 "exception":""}

{"timestamp":"2026-04-02T09:50:47.291",
 "level":"INFO",
 "service":"rabbitmq-service",
 "thread":"SpringApplicationShutdownHook",
 "traceId":"",
 "spanId":"",
 "correlationId":"",
 "jobId":"",
 "logger":"o.s.boot.tomcat.GracefulShutdown",
 "message":"Commencing graceful shutdown. Waiting for active requests to complete",
 "exception":""}

{"timestamp":"2026-04-02T09:50:47.365",
 "level":"INFO",
 "service":"rabbitmq-service",
 "thread":"tomcat-shutdown",
 "traceId":"",
 "spanId":"",
 "correlationId":"",
 "jobId":"",
 "logger":"o.s.boot.tomcat.GracefulShutdown",
 "message":"Graceful shutdown complete",
 "exception":""}

{"timestamp":"2026-04-02T09:50:47.446",
 "level":"INFO",
 "service":"rabbitmq-service",
 "thread":"SpringApplicationShutdownHook",
 "traceId":"",
 "spanId":"",
 "correlationId":"",
 "jobId":"",
 "logger":"o.s.o.j.LocalContainerEntityManagerFactoryBean",
 "message":"Closing JPA EntityManagerFactory for persistence unit 'default'",
 "exception":""}

{"timestamp":"2026-04-02T09:50:47.495",
 "level":"INFO",
 "service":"rabbitmq-service",
 "thread":"SpringApplicationShutdownHook",
 "traceId":"",
 "spanId":"",
 "correlationId":"",
 "jobId":"",
 "logger":"com.zaxxer.hikari.HikariDataSource",
 "message":"HikariPool-1 - Shutdown initiated...",
 "exception":""}

{"timestamp":"2026-04-02T09:50:47.511",
 "level":"INFO",
 "service":"rabbitmq-service",
 "thread":"SpringApplicationShutdownHook",
 "traceId":"",
 "spanId":"",
 "correlationId":"",
 "jobId":"",
 "logger":"com.zaxxer.hikari.HikariDataSource",
 "message":"HikariPool-1 - Shutdown completed.",
 "exception":""}

{"timestamp":"2026-04-02T13:10:55.409",
 "level":"INFO",
 "service":"rabbitmq-service",
 "thread":"main",
 "traceId":"",
 "spanId":"",
 "correlationId":"",
 "jobId":"",
 "logger":"s.r.RabbitMQServiceApplication",
 "message":"Starting RabbitMQServiceApplication using Java 25.0.1 with PID 13320 (D:\module project\base\rabbitmq-service\target\classes started by 01957 in D:\module project\base)",
 "exception":""}

{"timestamp":"2026-04-02T13:10:55.421",
 "level":"DEBUG",
 "service":"rabbitmq-service",
 "thread":"main",
 "traceId":"",
 "spanId":"",
 "correlationId":"",
 "jobId":"",
 "logger":"s.r.RabbitMQServiceApplication",
 "message":"Running with Spring Boot v4.0.0, Spring v7.0.1",
 "exception":""}

{"timestamp":"2026-04-02T13:10:55.423",
 "level":"INFO",
 "service":"rabbitmq-service",
 "thread":"main",
 "traceId":"",
 "spanId":"",
 "correlationId":"",
 "jobId":"",
 "logger":"s.r.RabbitMQServiceApplication",
 "message":"No active profile set, falling back to 1 default profile: "default"",
 "exception":""}

{"timestamp":"2026-04-02T13:10:59.151",
 "level":"INFO",
 "service":"rabbitmq-service",
 "thread":"main",
 "traceId":"",
 "spanId":"",
 "correlationId":"",
 "jobId":"",
 "logger":"o.s.d.r.c.RepositoryConfigurationDelegate",
 "message":"Bootstrapping Spring Data JPA repositories in DEFAULT mode.",
 "exception":""}

{"timestamp":"2026-04-02T13:10:59.426",
 "level":"INFO",
 "service":"rabbitmq-service",
 "thread":"main",
 "traceId":"",
 "spanId":"",
 "correlationId":"",
 "jobId":"",
 "logger":"o.s.d.r.c.RepositoryConfigurationDelegate",
 "message":"Finished Spring Data repository scanning in 226 ms. Found 1 JPA repository interface.",
 "exception":""}

{"timestamp":"2026-04-02T13:11:01.466",
 "level":"WARN",
 "service":"rabbitmq-service",
 "thread":"main",
 "traceId":"",
 "spanId":"",
 "correlationId":"",
 "jobId":"",
 "logger":"o.s.c.s.PostProcessorRegistrationDelegate$BeanPostProcessorChecker",
 "message":"Bean 'rabbitMQConfig' of type [snvn.rabbitmqservice.config.RabbitMQConfig$$SpringCGLIB$$0] is not eligible for getting processed by all BeanPostProcessors (for example: not eligible for auto-proxying). The currently created BeanPostProcessor [rabbitTemplateBeanPostProcessor] is declared through a non-static factory method on that class; consider declaring it as static instead.",
 "exception":""}

{"timestamp":"2026-04-02T13:11:02.263",
 "level":"WARN",
 "service":"rabbitmq-service",
 "thread":"main",
 "traceId":"",
 "spanId":"",
 "correlationId":"",
 "jobId":"",
 "logger":"o.s.c.s.PostProcessorRegistrationDelegate$BeanPostProcessorChecker",
 "message":"Bean 'jackson2JsonMessageConverter' of type [org.springframework.amqp.support.converter.Jackson2JsonMessageConverter] is not eligible for getting processed by all BeanPostProcessors (for example: not eligible for auto-proxying). Is this bean getting eagerly injected/applied to a currently created BeanPostProcessor [rabbitTemplateBeanPostProcessor]? Check the corresponding BeanPostProcessor declaration and its dependencies/advisors. If this bean does not have to be post-processed, declare it with ROLE_INFRASTRUCTURE.",
 "exception":""}

{"timestamp":"2026-04-02T13:11:03.507",
 "level":"INFO",
 "service":"rabbitmq-service",
 "thread":"main",
 "traceId":"",
 "spanId":"",
 "correlationId":"",
 "jobId":"",
 "logger":"o.s.boot.tomcat.TomcatWebServer",
 "message":"Tomcat initialized with port 8098 (http)",
 "exception":""}

{"timestamp":"2026-04-02T13:11:03.556",
 "level":"INFO",
 "service":"rabbitmq-service",
 "thread":"main",
 "traceId":"",
 "spanId":"",
 "correlationId":"",
 "jobId":"",
 "logger":"o.a.catalina.core.StandardService",
 "message":"Starting service [Tomcat]",
 "exception":""}

{"timestamp":"2026-04-02T13:11:03.557",
 "level":"INFO",
 "service":"rabbitmq-service",
 "thread":"main",
 "traceId":"",
 "spanId":"",
 "correlationId":"",
 "jobId":"",
 "logger":"o.a.catalina.core.StandardEngine",
 "message":"Starting Servlet engine: [Apache Tomcat/11.0.14]",
 "exception":""}

{"timestamp":"2026-04-02T13:11:03.805",
 "level":"INFO",
 "service":"rabbitmq-service",
 "thread":"main",
 "traceId":"",
 "spanId":"",
 "correlationId":"",
 "jobId":"",
 "logger":"o.s.b.w.c.s.WebApplicationContextInitializer",
 "message":"Root WebApplicationContext: initialization completed in 8151 ms",
 "exception":""}

{"timestamp":"2026-04-02T13:11:04.708",
 "level":"INFO",
 "service":"rabbitmq-service",
 "thread":"main",
 "traceId":"",
 "spanId":"",
 "correlationId":"",
 "jobId":"",
 "logger":"o.h.jpa.internal.util.LogHelper",
 "message":"HHH000204: Processing PersistenceUnitInfo [name: default]",
 "exception":""}

{"timestamp":"2026-04-02T13:11:04.906",
 "level":"INFO",
 "service":"rabbitmq-service",
 "thread":"main",
 "traceId":"",
 "spanId":"",
 "correlationId":"",
 "jobId":"",
 "logger":"org.hibernate.Version",
 "message":"HHH000412: Hibernate ORM core version 7.1.8.Final",
 "exception":""}

{"timestamp":"2026-04-02T13:11:06.577",
 "level":"INFO",
 "service":"rabbitmq-service",
 "thread":"main",
 "traceId":"",
 "spanId":"",
 "correlationId":"",
 "jobId":"",
 "logger":"o.s.o.j.p.SpringPersistenceUnitInfo",
 "message":"No LoadTimeWeaver setup: ignoring JPA class transformer",
 "exception":""}

{"timestamp":"2026-04-02T13:11:06.710",
 "level":"INFO",
 "service":"rabbitmq-service",
 "thread":"main",
 "traceId":"",
 "spanId":"",
 "correlationId":"",
 "jobId":"",
 "logger":"com.zaxxer.hikari.HikariDataSource",
 "message":"HikariPool-1 - Starting...",
 "exception":""}

{"timestamp":"2026-04-02T13:11:07.399",
 "level":"INFO",
 "service":"rabbitmq-service",
 "thread":"main",
 "traceId":"",
 "spanId":"",
 "correlationId":"",
 "jobId":"",
 "logger":"com.zaxxer.hikari.pool.HikariPool",
 "message":"HikariPool-1 - Added connection conn0: url=jdbc:h2:mem:rabbitmqdb user=SA",
 "exception":""}

{"timestamp":"2026-04-02T13:11:07.406",
 "level":"INFO",
 "service":"rabbitmq-service",
 "thread":"main",
 "traceId":"",
 "spanId":"",
 "correlationId":"",
 "jobId":"",
 "logger":"com.zaxxer.hikari.HikariDataSource",
 "message":"HikariPool-1 - Start completed.",
 "exception":""}

{"timestamp":"2026-04-02T13:11:07.493",
 "level":"WARN",
 "service":"rabbitmq-service",
 "thread":"main",
 "traceId":"",
 "spanId":"",
 "correlationId":"",
 "jobId":"",
 "logger":"org.hibernate.orm.deprecation",
 "message":"HHH90000025: H2Dialect does not need to be specified explicitly using 'hibernate.dialect' (remove the property setting and it will be selected by default)",
 "exception":""}

{"timestamp":"2026-04-02T13:11:07.583",
 "level":"INFO",
 "service":"rabbitmq-service",
 "thread":"main",
 "traceId":"",
 "spanId":"",
 "correlationId":"",
 "jobId":"",
 "logger":"o.hibernate.orm.connections.pooling",
 "message":"HHH10001005: Database info:
	Database JDBC URL [jdbc:h2:mem:rabbitmqdb]
	Database driver: H2 JDBC Driver
	Database dialect: H2Dialect
	Database version: 2.4.240
	Default catalog/schema: RABBITMQDB/PUBLIC
	Autocommit mode: undefined/unknown
	Isolation level: READ_COMMITTED [default READ_COMMITTED]
	JDBC fetch size: 100
	Pool: DatasourceConnectionProviderImpl
	Minimum pool size: undefined/unknown
	Maximum pool size: undefined/unknown",
 "exception":""}

{"timestamp":"2026-04-02T13:11:11.564",
 "level":"INFO",
 "service":"rabbitmq-service",
 "thread":"main",
 "traceId":"",
 "spanId":"",
 "correlationId":"",
 "jobId":"",
 "logger":"o.h.e.t.j.p.i.JtaPlatformInitiator",
 "message":"HHH000489: No JTA platform available (set 'hibernate.transaction.jta.platform' to enable JTA platform integration)",
 "exception":""}

{"timestamp":"2026-04-02T13:11:11.882",
 "level":"INFO",
 "service":"rabbitmq-service",
 "thread":"main",
 "traceId":"",
 "spanId":"",
 "correlationId":"",
 "jobId":"",
 "logger":"o.s.o.j.LocalContainerEntityManagerFactoryBean",
 "message":"Initialized JPA EntityManagerFactory for persistence unit 'default'",
 "exception":""}

{"timestamp":"2026-04-02T13:11:12.209",
 "level":"INFO",
 "service":"rabbitmq-service",
 "thread":"main",
 "traceId":"",
 "spanId":"",
 "correlationId":"",
 "jobId":"",
 "logger":"o.s.d.j.r.q.QueryEnhancerFactories",
 "message":"Hibernate is in classpath; If applicable, HQL parser will be used.",
 "exception":""}

{"timestamp":"2026-04-02T13:11:14.244",
 "level":"INFO",
 "service":"rabbitmq-service",
 "thread":"main",
 "traceId":"",
 "spanId":"",
 "correlationId":"",
 "jobId":"",
 "logger":"s.c.exception.GlobalExceptionHandler",
 "message":"GlobalExceptionHandler initialized with: NoOpExternalLogService",
 "exception":""}

{"timestamp":"2026-04-02T13:11:14.420",
 "level":"WARN",
 "service":"rabbitmq-service",
 "thread":"main",
 "traceId":"",
 "spanId":"",
 "correlationId":"",
 "jobId":"",
 "logger":"o.s.b.j.a.JpaBaseConfiguration$JpaWebConfiguration",
 "message":"spring.jpa.open-in-view is enabled by default. Therefore, database queries may be performed during view rendering. Explicitly configure spring.jpa.open-in-view to disable this warning",
 "exception":""}

{"timestamp":"2026-04-02T13:11:16.403",
 "level":"INFO",
 "service":"rabbitmq-service",
 "thread":"main",
 "traceId":"",
 "spanId":"",
 "correlationId":"",
 "jobId":"",
 "logger":"o.s.b.a.e.web.EndpointLinksResolver",
 "message":"Exposing 3 endpoints beneath base path '/actuator'",
 "exception":""}

{"timestamp":"2026-04-02T13:11:16.765",
 "level":"INFO",
 "service":"rabbitmq-service",
 "thread":"main",
 "traceId":"",
 "spanId":"",
 "correlationId":"",
 "jobId":"",
 "logger":"o.s.boot.tomcat.TomcatWebServer",
 "message":"Tomcat started on port 8098 (http) with context path '/'",
 "exception":""}

{"timestamp":"2026-04-02T13:11:16.776",
 "level":"INFO",
 "service":"rabbitmq-service",
 "thread":"main",
 "traceId":"",
 "spanId":"",
 "correlationId":"",
 "jobId":"",
 "logger":"o.s.a.r.c.CachingConnectionFactory",
 "message":"Attempting to connect to: [localhost:5672]",
 "exception":""}

{"timestamp":"2026-04-02T13:11:17.093",
 "level":"INFO",
 "service":"rabbitmq-service",
 "thread":"main",
 "traceId":"",
 "spanId":"",
 "correlationId":"",
 "jobId":"",
 "logger":"o.s.a.r.c.CachingConnectionFactory",
 "message":"Created new connection: rabbitConnectionFactory#7d96618:0/SimpleConnection@23d16a81 [delegate=amqp://admin@0:0:0:0:0:0:0:1:5672/, localPort=51658]",
 "exception":""}

{"timestamp":"2026-04-02T13:11:17.515",
 "level":"INFO",
 "service":"rabbitmq-service",
 "thread":"main",
 "traceId":"",
 "spanId":"",
 "correlationId":"",
 "jobId":"",
 "logger":"s.r.RabbitMQServiceApplication",
 "message":"Started RabbitMQServiceApplication in 24.024 seconds (process running for 25.875)",
 "exception":""}

{"timestamp":"2026-04-02T13:51:54.560",
 "level":"WARN",
 "service":"rabbitmq-service",
 "thread":"HikariPool-1:housekeeper",
 "traceId":"",
 "spanId":"",
 "correlationId":"",
 "jobId":"",
 "logger":"com.zaxxer.hikari.pool.HikariPool",
 "message":"HikariPool-1 - Thread starvation or clock leap detected (housekeeper delta=2m16s954ms818µs900ns).",
 "exception":""}

