{"timestamp":"2026-04-02T07:36:42.652",
 "level":"INFO",
 "service":"user-service",
 "thread":"main",
 "traceId":"",
 "spanId":"",
 "correlationId":"",
 "jobId":"",
 "logger":"s.userservice.UserServiceApplication",
 "message":"Starting UserServiceApplication using Java 25.0.1 with PID 512 (D:\module project\base\user-service\target\classes started by 01957 in D:\module project\base)",
 "exception":""}
{"timestamp":"2026-04-02T07:36:42.675",
 "level":"DEBUG",
 "service":"user-service",
 "thread":"main",
 "traceId":"",
 "spanId":"",
 "correlationId":"",
 "jobId":"",
 "logger":"s.userservice.UserServiceApplication",
 "message":"Running with Spring Boot v4.0.0, Spring v7.0.1",
 "exception":""}
{"timestamp":"2026-04-02T07:36:42.678",
 "level":"INFO",
 "service":"user-service",
 "thread":"main",
 "traceId":"",
 "spanId":"",
 "correlationId":"",
 "jobId":"",
 "logger":"s.userservice.UserServiceApplication",
 "message":"The following 1 profile is active: "dev"",
 "exception":""}
{"timestamp":"2026-04-02T07:36:51.383",
 "level":"INFO",
 "service":"user-service",
 "thread":"main",
 "traceId":"",
 "spanId":"",
 "correlationId":"",
 "jobId":"",
 "logger":"o.s.d.r.c.RepositoryConfigurationDelegate",
 "message":"Multiple Spring Data modules found, entering strict repository configuration mode",
 "exception":""}
{"timestamp":"2026-04-02T07:36:51.400",
 "level":"INFO",
 "service":"user-service",
 "thread":"main",
 "traceId":"",
 "spanId":"",
 "correlationId":"",
 "jobId":"",
 "logger":"o.s.d.r.c.RepositoryConfigurationDelegate",
 "message":"Bootstrapping Spring Data JPA repositories in DEFAULT mode.",
 "exception":""}
{"timestamp":"2026-04-02T07:36:52.332",
 "level":"INFO",
 "service":"user-service",
 "thread":"main",
 "traceId":"",
 "spanId":"",
 "correlationId":"",
 "jobId":"",
 "logger":"o.s.d.r.c.RepositoryConfigurationDelegate",
 "message":"Finished Spring Data repository scanning in 858 ms. Found 1 JPA repository interface.",
 "exception":""}
{"timestamp":"2026-04-02T07:36:52.463",
 "level":"INFO",
 "service":"user-service",
 "thread":"main",
 "traceId":"",
 "spanId":"",
 "correlationId":"",
 "jobId":"",
 "logger":"o.s.d.r.c.RepositoryConfigurationDelegate",
 "message":"Multiple Spring Data modules found, entering strict repository configuration mode",
 "exception":""}
{"timestamp":"2026-04-02T07:36:52.472",
 "level":"INFO",
 "service":"user-service",
 "thread":"main",
 "traceId":"",
 "spanId":"",
 "correlationId":"",
 "jobId":"",
 "logger":"o.s.d.r.c.RepositoryConfigurationDelegate",
 "message":"Bootstrapping Spring Data Redis repositories in DEFAULT mode.",
 "exception":""}
{"timestamp":"2026-04-02T07:36:52.601",
 "level":"INFO",
 "service":"user-service",
 "thread":"main",
 "traceId":"",
 "spanId":"",
 "correlationId":"",
 "jobId":"",
 "logger":"o.s.d.r.c.RepositoryConfigurationExtensionSupport",
 "message":"Spring Data Redis - Could not safely identify store assignment for repository candidate interface snvn.userservice.repository.UserRepository; If you want this repository to be a Redis repository, consider annotating your entities with one of these annotations: org.springframework.data.redis.core.RedisHash (preferred), or consider extending one of the following types with your repository: org.springframework.data.keyvalue.repository.KeyValueRepository",
 "exception":""}
{"timestamp":"2026-04-02T07:36:52.608",
 "level":"INFO",
 "service":"user-service",
 "thread":"main",
 "traceId":"",
 "spanId":"",
 "correlationId":"",
 "jobId":"",
 "logger":"o.s.d.r.c.RepositoryConfigurationDelegate",
 "message":"Finished Spring Data repository scanning in 64 ms. Found 0 Redis repository interfaces.",
 "exception":""}
{"timestamp":"2026-04-02T07:36:55.535",
 "level":"INFO",
 "service":"user-service",
 "thread":"main",
 "traceId":"",
 "spanId":"",
 "correlationId":"",
 "jobId":"",
 "logger":"o.s.cloud.context.scope.GenericScope",
 "message":"BeanFactory id=e51b9f1a-0bfc-3eed-a669-782739075b2c",
 "exception":""}
{"timestamp":"2026-04-02T07:36:56.403",
 "level":"WARN",
 "service":"user-service",
 "thread":"main",
 "traceId":"",
 "spanId":"",
 "correlationId":"",
 "jobId":"",
 "logger":"o.s.c.s.PostProcessorRegistrationDelegate$BeanPostProcessorChecker",
 "message":"Bean 'rabbitMQConfig' of type [snvn.rabbitmqservice.config.RabbitMQConfig$$SpringCGLIB$$0] is not eligible for getting processed by all BeanPostProcessors (for example: not eligible for auto-proxying). The currently created BeanPostProcessor [rabbitTemplateBeanPostProcessor] is declared through a non-static factory method on that class; consider declaring it as static instead.",
 "exception":""}
{"timestamp":"2026-04-02T07:36:57.246",
 "level":"WARN",
 "service":"user-service",
 "thread":"main",
 "traceId":"",
 "spanId":"",
 "correlationId":"",
 "jobId":"",
 "logger":"o.s.c.s.PostProcessorRegistrationDelegate$BeanPostProcessorChecker",
 "message":"Bean 'jackson2JsonMessageConverter' of type [org.springframework.amqp.support.converter.Jackson2JsonMessageConverter] is not eligible for getting processed by all BeanPostProcessors (for example: not eligible for auto-proxying). Is this bean getting eagerly injected/applied to a currently created BeanPostProcessor [rabbitTemplateBeanPostProcessor]? Check the corresponding BeanPostProcessor declaration and its dependencies/advisors. If this bean does not have to be post-processed, declare it with ROLE_INFRASTRUCTURE.",
 "exception":""}
{"timestamp":"2026-04-02T07:36:58.789",
 "level":"INFO",
 "service":"user-service",
 "thread":"main",
 "traceId":"",
 "spanId":"",
 "correlationId":"",
 "jobId":"",
 "logger":"o.s.boot.tomcat.TomcatWebServer",
 "message":"Tomcat initialized with port 8102 (http)",
 "exception":""}
{"timestamp":"2026-04-02T07:36:58.865",
 "level":"INFO",
 "service":"user-service",
 "thread":"main",
 "traceId":"",
 "spanId":"",
 "correlationId":"",
 "jobId":"",
 "logger":"o.a.catalina.core.StandardService",
 "message":"Starting service [Tomcat]",
 "exception":""}
{"timestamp":"2026-04-02T07:36:58.866",
 "level":"INFO",
 "service":"user-service",
 "thread":"main",
 "traceId":"",
 "spanId":"",
 "correlationId":"",
 "jobId":"",
 "logger":"o.a.catalina.core.StandardEngine",
 "message":"Starting Servlet engine: [Apache Tomcat/11.0.14]",
 "exception":""}
{"timestamp":"2026-04-02T07:36:59.327",
 "level":"INFO",
 "service":"user-service",
 "thread":"main",
 "traceId":"",
 "spanId":"",
 "correlationId":"",
 "jobId":"",
 "logger":"o.s.b.w.c.s.WebApplicationContextInitializer",
 "message":"Root WebApplicationContext: initialization completed in 16333 ms",
 "exception":""}
{"timestamp":"2026-04-02T07:37:04.484",
 "level":"WARN",
 "service":"user-service",
 "thread":"main",
 "traceId":"",
 "spanId":"",
 "correlationId":"",
 "jobId":"",
 "logger":"s.splunk.SplunkExternalLogService",
 "message":"SplunkExternalLogService: SSL verification DISABLED (dev only)",
 "exception":""}
{"timestamp":"2026-04-02T07:37:05.428",
 "level":"INFO",
 "service":"user-service",
 "thread":"main",
 "traceId":"",
 "spanId":"",
 "correlationId":"",
 "jobId":"",
 "logger":"s.c.l.CompositeExternalLogService",
 "message":"CompositeExternalLogService initialized with 2 delegate(s): [SplunkExternalLogService, RabbitMQExternalLogServiceImplementation]",
 "exception":""}
{"timestamp":"2026-04-02T07:37:05.679",
 "level":"DEBUG",
 "service":"user-service",
 "thread":"main",
 "traceId":"",
 "spanId":"",
 "correlationId":"",
 "jobId":"",
 "logger":"s.u.filter.RateLimitingFilter",
 "message":"Filter 'rateLimitingFilter' configured for use",
 "exception":""}
{"timestamp":"2026-04-02T07:37:06.595",
 "level":"INFO",
 "service":"user-service",
 "thread":"main",
 "traceId":"",
 "spanId":"",
 "correlationId":"",
 "jobId":"",
 "logger":"o.h.jpa.internal.util.LogHelper",
 "message":"HHH000204: Processing PersistenceUnitInfo [name: default]",
 "exception":""}
{"timestamp":"2026-04-02T07:37:07.147",
 "level":"INFO",
 "service":"user-service",
 "thread":"main",
 "traceId":"",
 "spanId":"",
 "correlationId":"",
 "jobId":"",
 "logger":"org.hibernate.Version",
 "message":"HHH000412: Hibernate ORM core version 7.1.8.Final",
 "exception":""}
{"timestamp":"2026-04-02T07:37:11.763",
 "level":"INFO",
 "service":"user-service",
 "thread":"main",
 "traceId":"",
 "spanId":"",
 "correlationId":"",
 "jobId":"",
 "logger":"o.s.o.j.p.SpringPersistenceUnitInfo",
 "message":"No LoadTimeWeaver setup: ignoring JPA class transformer",
 "exception":""}
{"timestamp":"2026-04-02T07:37:12.061",
 "level":"INFO",
 "service":"user-service",
 "thread":"main",
 "traceId":"",
 "spanId":"",
 "correlationId":"",
 "jobId":"",
 "logger":"com.zaxxer.hikari.HikariDataSource",
 "message":"HikariPool-1 - Starting...",
 "exception":""}
{"timestamp":"2026-04-02T07:37:13.129",
 "level":"INFO",
 "service":"user-service",
 "thread":"main",
 "traceId":"",
 "spanId":"",
 "correlationId":"",
 "jobId":"",
 "logger":"com.zaxxer.hikari.pool.HikariPool",
 "message":"HikariPool-1 - Added connection conn0: url=jdbc:h2:mem:userdb user=SA",
 "exception":""}
{"timestamp":"2026-04-02T07:37:13.143",
 "level":"INFO",
 "service":"user-service",
 "thread":"main",
 "traceId":"",
 "spanId":"",
 "correlationId":"",
 "jobId":"",
 "logger":"com.zaxxer.hikari.HikariDataSource",
 "message":"HikariPool-1 - Start completed.",
 "exception":""}
{"timestamp":"2026-04-02T07:37:13.371",
 "level":"WARN",
 "service":"user-service",
 "thread":"main",
 "traceId":"",
 "spanId":"",
 "correlationId":"",
 "jobId":"",
 "logger":"org.hibernate.orm.deprecation",
 "message":"HHH90000025: H2Dialect does not need to be specified explicitly using 'hibernate.dialect' (remove the property setting and it will be selected by default)",
 "exception":""}
{"timestamp":"2026-04-02T07:37:13.575",
 "level":"INFO",
 "service":"user-service",
 "thread":"main",
 "traceId":"",
 "spanId":"",
 "correlationId":"",
 "jobId":"",
 "logger":"o.hibernate.orm.connections.pooling",
 "message":"HHH10001005: Database info:
	Database JDBC URL [jdbc:h2:mem:userdb]
	Database driver: H2 JDBC Driver
	Database dialect: H2Dialect
	Database version: 2.4.240
	Default catalog/schema: USERDB/PUBLIC
	Autocommit mode: undefined/unknown
	Isolation level: READ_COMMITTED [default READ_COMMITTED]
	JDBC fetch size: 100
	Pool: DatasourceConnectionProviderImpl
	Minimum pool size: undefined/unknown
	Maximum pool size: undefined/unknown",
 "exception":""}
{"timestamp":"2026-04-02T07:37:23.590",
 "level":"INFO",
 "service":"user-service",
 "thread":"main",
 "traceId":"",
 "spanId":"",
 "correlationId":"",
 "jobId":"",
 "logger":"o.h.e.t.j.p.i.JtaPlatformInitiator",
 "message":"HHH000489: No JTA platform available (set 'hibernate.transaction.jta.platform' to enable JTA platform integration)",
 "exception":""}
{"timestamp":"2026-04-02T07:37:24.168",
 "level":"INFO",
 "service":"user-service",
 "thread":"main",
 "traceId":"",
 "spanId":"",
 "correlationId":"",
 "jobId":"",
 "logger":"o.s.o.j.LocalContainerEntityManagerFactoryBean",
 "message":"Initialized JPA EntityManagerFactory for persistence unit 'default'",
 "exception":""}
{"timestamp":"2026-04-02T07:37:24.886",
 "level":"INFO",
 "service":"user-service",
 "thread":"main",
 "traceId":"",
 "spanId":"",
 "correlationId":"",
 "jobId":"",
 "logger":"n.d.b.g.c.a.GrpcClientAutoConfiguration",
 "message":"Detected grpc-netty-shaded: Creating ShadedNettyChannelFactory + InProcessChannelFactory",
 "exception":""}
{"timestamp":"2026-04-02T07:37:26.599",
 "level":"INFO",
 "service":"user-service",
 "thread":"main",
 "traceId":"",
 "spanId":"",
 "correlationId":"",
 "jobId":"",
 "logger":"o.s.d.j.r.q.QueryEnhancerFactories",
 "message":"Hibernate is in classpath; If applicable, HQL parser will be used.",
 "exception":""}
{"timestamp":"2026-04-02T07:37:27.986",
 "level":"INFO",
 "service":"user-service",
 "thread":"main",
 "traceId":"",
 "spanId":"",
 "correlationId":"",
 "jobId":"",
 "logger":"s.c.exception.GlobalExceptionHandler",
 "message":"GlobalExceptionHandler initialized with: CompositeExternalLogService",
 "exception":""}
{"timestamp":"2026-04-02T07:37:28.138",
 "level":"WARN",
 "service":"user-service",
 "thread":"main",
 "traceId":"",
 "spanId":"",
 "correlationId":"",
 "jobId":"",
 "logger":"o.s.b.j.a.JpaBaseConfiguration$JpaWebConfiguration",
 "message":"spring.jpa.open-in-view is enabled by default. Therefore, database queries may be performed during view rendering. Explicitly configure spring.jpa.open-in-view to disable this warning",
 "exception":""}
{"timestamp":"2026-04-02T07:37:29.811",
 "level":"WARN",
 "service":"user-service",
 "thread":"main",
 "traceId":"",
 "spanId":"",
 "correlationId":"",
 "jobId":"",
 "logger":"s.userservice.config.SecurityConfig",
 "message":"Security DISABLED for user-service",
 "exception":""}
{"timestamp":"2026-04-02T07:37:31.172",
 "level":"WARN",
 "service":"user-service",
 "thread":"ForkJoinPool.commonPool-worker-1",
 "traceId":"",
 "spanId":"",
 "correlationId":"",
 "jobId":"",
 "logger":"s.splunk.SplunkExternalLogService",
 "message":"Failed to send log to Splunk: I/O error on POST request for "https://localhost:8088/services/collector": Remote host terminated the handshake",
 "exception":""}
{"timestamp":"2026-04-02T07:37:32.167",
 "level":"INFO",
 "service":"user-service",
 "thread":"main",
 "traceId":"",
 "spanId":"",
 "correlationId":"",
 "jobId":"",
 "logger":"n.d.b.g.s.a.GrpcServerFactoryAutoConfiguration",
 "message":"Detected grpc-netty-shaded: Creating ShadedNettyGrpcServerFactory",
 "exception":""}
{"timestamp":"2026-04-02T07:37:36.396",
 "level":"WARN",
 "service":"user-service",
 "thread":"main",
 "traceId":"",
 "spanId":"",
 "correlationId":"",
 "jobId":"",
 "logger":"o.s.c.l.c.LoadBalancerCacheAutoConfiguration$LoadBalancerCaffeineWarnLogger",
 "message":"Spring Cloud LoadBalancer is currently working with the default cache. While this cache implementation is useful for development and tests, it's recommended to use Caffeine cache in production.You can switch to using Caffeine cache, by adding it and org.springframework.cache.caffeine.CaffeineCacheManager to the classpath.",
 "exception":""}
{"timestamp":"2026-04-02T07:37:36.509",
 "level":"INFO",
 "service":"user-service",
 "thread":"main",
 "traceId":"",
 "spanId":"",
 "correlationId":"",
 "jobId":"",
 "logger":"o.s.b.a.e.web.EndpointLinksResolver",
 "message":"Exposing 2 endpoints beneath base path '/actuator'",
 "exception":""}
{"timestamp":"2026-04-02T07:37:37.161",
 "level":"INFO",
 "service":"user-service",
 "thread":"main",
 "traceId":"",
 "spanId":"",
 "correlationId":"",
 "jobId":"",
 "logger":"o.s.boot.tomcat.TomcatWebServer",
 "message":"Tomcat started on port 8102 (http) with context path '/'",
 "exception":""}
{"timestamp":"2026-04-02T07:37:37.266",
 "level":"INFO",
 "service":"user-service",
 "thread":"main",
 "traceId":"",
 "spanId":"",
 "correlationId":"",
 "jobId":"",
 "logger":"n.d.b.g.s.s.AbstractGrpcServerFactory",
 "message":"Registered gRPC service: grpc.health.v1.Health, bean: grpcHealthService, class: io.grpc.protobuf.services.HealthServiceImpl",
 "exception":""}
{"timestamp":"2026-04-02T07:37:37.267",
 "level":"INFO",
 "service":"user-service",
 "thread":"main",
 "traceId":"",
 "spanId":"",
 "correlationId":"",
 "jobId":"",
 "logger":"n.d.b.g.s.s.AbstractGrpcServerFactory",
 "message":"Registered gRPC service: grpc.reflection.v1alpha.ServerReflection, bean: protoReflectionService, class: io.grpc.protobuf.services.ProtoReflectionService",
 "exception":""}
{"timestamp":"2026-04-02T07:37:37.700",
 "level":"INFO",
 "service":"user-service",
 "thread":"main",
 "traceId":"",
 "spanId":"",
 "correlationId":"",
 "jobId":"",
 "logger":"n.d.b.g.s.s.GrpcServerLifecycle",
 "message":"gRPC Server started, listening on address: *, port: 9091",
 "exception":""}
{"timestamp":"2026-04-02T07:37:37.712",
 "level":"INFO",
 "service":"user-service",
 "thread":"main",
 "traceId":"",
 "spanId":"",
 "correlationId":"",
 "jobId":"",
 "logger":"o.s.a.r.c.CachingConnectionFactory",
 "message":"Attempting to connect to: [localhost:5672]",
 "exception":""}
{"timestamp":"2026-04-02T07:37:38.203",
 "level":"INFO",
 "service":"user-service",
 "thread":"main",
 "traceId":"",
 "spanId":"",
 "correlationId":"",
 "jobId":"",
 "logger":"o.s.a.r.c.CachingConnectionFactory",
 "message":"Created new connection: rabbitConnectionFactory#34d26a68:0/SimpleConnection@234a8c1f [delegate=amqp://admin@0:0:0:0:0:0:0:1:5672/, localPort=56360]",
 "exception":""}
{"timestamp":"2026-04-02T07:37:38.718",
 "level":"INFO",
 "service":"user-service",
 "thread":"main",
 "traceId":"",
 "spanId":"",
 "correlationId":"",
 "jobId":"",
 "logger":"s.userservice.UserServiceApplication",
 "message":"Started UserServiceApplication in 58.844 seconds (process running for 69.6)",
 "exception":""}
{"timestamp":"2026-04-02T09:50:43.027",
 "level":"INFO",
 "service":"user-service",
 "thread":"SpringApplicationShutdownHook",
 "traceId":"",
 "spanId":"",
 "correlationId":"",
 "jobId":"",
 "logger":"n.d.b.g.s.s.GrpcServerLifecycle",
 "message":"Completed gRPC server shutdown",
 "exception":""}
{"timestamp":"2026-04-02T09:50:43.180",
 "level":"INFO",
 "service":"user-service",
 "thread":"org.springframework.amqp.rabbit.RabbitListenerEndpointContainer#0-2",
 "traceId":"",
 "spanId":"",
 "correlationId":"",
 "jobId":"",
 "logger":"o.s.a.r.l.SimpleMessageListenerContainer",
 "message":"Waiting for workers to finish.",
 "exception":""}
{"timestamp":"2026-04-02T09:50:43.819",
 "level":"INFO",
 "service":"user-service",
 "thread":"org.springframework.amqp.rabbit.RabbitListenerEndpointContainer#0-2",
 "traceId":"",
 "spanId":"",
 "correlationId":"",
 "jobId":"",
 "logger":"o.s.a.r.l.SimpleMessageListenerContainer",
 "message":"Successfully waited for workers to finish.",
 "exception":""}
{"timestamp":"2026-04-02T09:50:43.840",
 "level":"INFO",
 "service":"user-service",
 "thread":"SpringApplicationShutdownHook",
 "traceId":"",
 "spanId":"",
 "correlationId":"",
 "jobId":"",
 "logger":"o.s.boot.tomcat.GracefulShutdown",
 "message":"Commencing graceful shutdown. Waiting for active requests to complete",
 "exception":""}
{"timestamp":"2026-04-02T09:50:43.914",
 "level":"INFO",
 "service":"user-service",
 "thread":"tomcat-shutdown",
 "traceId":"",
 "spanId":"",
 "correlationId":"",
 "jobId":"",
 "logger":"o.s.boot.tomcat.GracefulShutdown",
 "message":"Graceful shutdown complete",
 "exception":""}
{"timestamp":"2026-04-02T09:50:44.191",
 "level":"INFO",
 "service":"user-service",
 "thread":"SpringApplicationShutdownHook",
 "traceId":"",
 "spanId":"",
 "correlationId":"",
 "jobId":"",
 "logger":"o.s.o.j.LocalContainerEntityManagerFactoryBean",
 "message":"Closing JPA EntityManagerFactory for persistence unit 'default'",
 "exception":""}
{"timestamp":"2026-04-02T09:50:44.246",
 "level":"INFO",
 "service":"user-service",
 "thread":"SpringApplicationShutdownHook",
 "traceId":"",
 "spanId":"",
 "correlationId":"",
 "jobId":"",
 "logger":"com.zaxxer.hikari.HikariDataSource",
 "message":"HikariPool-1 - Shutdown initiated...",
 "exception":""}
{"timestamp":"2026-04-02T09:50:44.268",
 "level":"INFO",
 "service":"user-service",
 "thread":"SpringApplicationShutdownHook",
 "traceId":"",
 "spanId":"",
 "correlationId":"",
 "jobId":"",
 "logger":"com.zaxxer.hikari.HikariDataSource",
 "message":"HikariPool-1 - Shutdown completed.",
 "exception":""}
